[debug] [2021-04-24T11:18:27.610Z] ----------------------------------------------------------------------
[debug] [2021-04-24T11:18:27.613Z] Command:       C:\Program Files\nodejs\node.exe C:\Users\Muzamil\AppData\Roaming\npm\node_modules\firebase-tools\lib\bin\firebase.js init
[debug] [2021-04-24T11:18:27.614Z] CLI Version:   9.10.0
[debug] [2021-04-24T11:18:27.614Z] Platform:      win32
[debug] [2021-04-24T11:18:27.614Z] Node Version:  v14.16.0
[debug] [2021-04-24T11:18:27.615Z] Time:          Sat Apr 24 2021 16:18:27 GMT+0500 (Pakistan Standard Time)
[debug] [2021-04-24T11:18:27.615Z] ----------------------------------------------------------------------
[debug] 
[debug] [2021-04-24T11:18:27.620Z] >>> [apiv2][query] GET https://firebase-public.firebaseio.com/cli.json [none]
[debug] [2021-04-24T11:18:27.651Z] > command requires scopes: ["email","openid","https://www.googleapis.com/auth/cloudplatformprojects.readonly","https://www.googleapis.com/auth/firebase","https://www.googleapis.com/auth/cloud-platform"]
[debug] [2021-04-24T11:18:27.651Z] > authorizing via signed-in user (muzamilansari445@gmail.com)
[info] 
     ######## #### ########  ######## ########     ###     ######  ########
     ##        ##  ##     ## ##       ##     ##  ##   ##  ##       ##
     ######    ##  ########  ######   ########  #########  ######  ######
     ##        ##  ##    ##  ##       ##     ## ##     ##       ## ##
     ##       #### ##     ## ######## ########  ##     ##  ######  ########

You're about to initialize a Firebase project in this directory:

  G:\React\Assignment-19\crud

[debug] [2021-04-24T11:18:30.603Z] <<< [apiv2][status] GET https://firebase-public.firebaseio.com/cli.json 200
[debug] [2021-04-24T11:18:30.603Z] <<< [apiv2][body] GET https://firebase-public.firebaseio.com/cli.json {"cloudBuildErrorAfter":1594252800000,"cloudBuildWarnAfter":1590019200000,"defaultNode10After":1594252800000,"minVersion":"3.0.5","node8DeploysDisabledAfter":1613390400000,"node8RuntimeDisabledAfter":1615809600000,"node8WarnAfter":1600128000000}
